\BOOKMARK [1][-]{chapter*.1}{Seznam zkratek}{}% 1
\BOOKMARK [0][-]{chapter.1}{\332vod}{}% 2
\BOOKMARK [0][-]{chapter.2}{Zabezpecovac\355 syst\351m}{}% 3
\BOOKMARK [1][-]{section.2.1}{\332stredna}{chapter.2}% 4
\BOOKMARK [1][-]{section.2.2}{Ovladac}{chapter.2}% 5
\BOOKMARK [1][-]{section.2.3}{Detektor}{chapter.2}% 6
\BOOKMARK [1][-]{section.2.4}{Komunik\341tor}{chapter.2}% 7
\BOOKMARK [0][-]{chapter.3}{Po\236adovan\351 vlastnosti}{}% 8
\BOOKMARK [1][-]{section.3.1}{Hardware}{chapter.3}% 9
\BOOKMARK [2][-]{subsection.3.1.1}{\332stredna}{section.3.1}% 10
\BOOKMARK [2][-]{subsection.3.1.2}{Bezpecnost}{section.3.1}% 11
\BOOKMARK [2][-]{subsection.3.1.3}{Nen\341rocnost}{section.3.1}% 12
\BOOKMARK [1][-]{section.3.2}{Software}{chapter.3}% 13
\BOOKMARK [2][-]{subsection.3.2.1}{V\355cejazycnost}{section.3.2}% 14
\BOOKMARK [2][-]{subsection.3.2.2}{Nastavitelnost}{section.3.2}% 15
\BOOKMARK [0][-]{chapter.4}{Situace na trhu}{}% 16
\BOOKMARK [1][-]{section.4.1}{Kategorie}{chapter.4}% 17
\BOOKMARK [2][-]{subsection.4.1.1}{N\355zkon\341kladov\341 zar\355zen\355 \(do 2 000 Kc\)}{section.4.1}% 18
\BOOKMARK [2][-]{subsection.4.1.2}{Stredn\355 tr\355da \(2 000 a\236 8 000 Kc\)}{section.4.1}% 19
\BOOKMARK [2][-]{subsection.4.1.3}{Profesion\341ln\355 re\235en\355 \(8 000 a\236 20 000 Kc\)}{section.4.1}% 20
\BOOKMARK [2][-]{subsection.4.1.4}{Specializovan\341 zar\355zen\355 \(od 20 000 Kc\)}{section.4.1}% 21
\BOOKMARK [1][-]{section.4.2}{Tabulka vlastnost\355 kategori\355}{chapter.4}% 22
\BOOKMARK [1][-]{section.4.3}{Ide\341ln\355 n\355zkon\341kladov\351 sledovac\355 zar\355zen\355}{chapter.4}% 23
\BOOKMARK [1][-]{section.4.4}{Srovn\341n\355 nekter\375ch dostupn\375ch modelu}{chapter.4}% 24
\BOOKMARK [2][-]{subsection.4.4.1}{TK-102 \(SHX Trading s. r. o.\)}{section.4.4}% 25
\BOOKMARK [2][-]{subsection.4.4.2}{ECONOMY \(SHX Trading s. r. o.\)}{section.4.4}% 26
\BOOKMARK [2][-]{subsection.4.4.3}{Helmer LK 506 \(Alza.cz a.s.\)}{section.4.4}% 27
\BOOKMARK [2][-]{subsection.4.4.4}{Helmer LK 509 \(Alza.cz a.s.\)}{section.4.4}% 28
\BOOKMARK [2][-]{subsection.4.4.5}{RF-V10 \(GMcentrum s.r.o.\)}{section.4.4}% 29
\BOOKMARK [2][-]{subsection.4.4.6}{RF-V8S \(GMcentrum s.r.o.\)}{section.4.4}% 30
\BOOKMARK [2][-]{subsection.4.4.7}{CU-07A \(JABLOTRON ALARMS a.s.\)}{section.4.4}% 31
\BOOKMARK [2][-]{subsection.4.4.8}{CU-08 \(JABLOTRON ALARMS a.s.\)}{section.4.4}% 32
\BOOKMARK [1][-]{section.4.5}{V\375sledky srovn\341n\355}{chapter.4}% 33
\BOOKMARK [0][-]{chapter.5}{Koncept}{}% 34
\BOOKMARK [1][-]{section.5.1}{R\355d\355c\355 jednotka}{chapter.5}% 35
\BOOKMARK [1][-]{section.5.2}{Komunikacn\355 rozhran\355}{chapter.5}% 36
\BOOKMARK [1][-]{section.5.3}{Senzor pohybu}{chapter.5}% 37
\BOOKMARK [1][-]{section.5.4}{Nap\341jen\355}{chapter.5}% 38
\BOOKMARK [1][-]{section.5.5}{Blokov\351 sch\351ma}{chapter.5}% 39
\BOOKMARK [0][-]{chapter.6}{Prototyp}{}% 40
\BOOKMARK [1][-]{section.6.1}{V\375vojov\341 deska Arduino}{chapter.6}% 41
\BOOKMARK [1][-]{section.6.2}{Komunikacn\355 modul GPS/GPRS/GSM}{chapter.6}% 42
\BOOKMARK [1][-]{section.6.3}{Akcelerometr}{chapter.6}% 43
\BOOKMARK [1][-]{section.6.4}{N\341klady na prototyp}{chapter.6}% 44
\BOOKMARK [0][-]{chapter.7}{Softwarov\375 n\341vrh}{}% 45
\BOOKMARK [1][-]{section.7.1}{Programovac\355 jazyk}{chapter.7}% 46
\BOOKMARK [1][-]{section.7.2}{V\375vojov\351 prostred\355 Arduino}{chapter.7}% 47
\BOOKMARK [1][-]{section.7.3}{Hlavicka programu}{chapter.7}% 48
\BOOKMARK [1][-]{section.7.4}{Hlavn\355 funkce programu}{chapter.7}% 49
\BOOKMARK [2][-]{subsection.7.4.1}{Inicializace \(setup\)}{section.7.4}% 50
\BOOKMARK [2][-]{subsection.7.4.2}{Hlavn\355 smycka \(loop\)}{section.7.4}% 51
\BOOKMARK [2][-]{subsection.7.4.3}{Rozpozn\341n\355 chyb \(recognizeERROR\)}{section.7.4}% 52
\BOOKMARK [2][-]{subsection.7.4.4}{Ode\235li pr\355kaz do modulu \(sendCommand\)}{section.7.4}% 53
\BOOKMARK [2][-]{subsection.7.4.5}{Ode\235li zpr\341vu o stavu do PC \(sendReport\)}{section.7.4}% 54
\BOOKMARK [2][-]{subsection.7.4.6}{Zmen re\236im modulu \(changeMode\)}{section.7.4}% 55
\BOOKMARK [1][-]{section.7.5}{Funkce v re\236imu GSM}{chapter.7}% 56
\BOOKMARK [2][-]{subsection.7.5.1}{Rozpozn\341n\355 nov\351 SMS \(recognizeSmsNew\)}{section.7.5}% 57
\BOOKMARK [2][-]{subsection.7.5.2}{Rozpozn\341n\355 hlavicky SMS \(recognizeSmsHeader\)}{section.7.5}% 58
\BOOKMARK [2][-]{subsection.7.5.3}{Rozpozn\341n\355 obsahu SMS \(recognizeSmsContent\)}{section.7.5}% 59
\BOOKMARK [2][-]{subsection.7.5.4}{Vykon\341n\355 obsahu SMS \(executeSmsContent\)}{section.7.5}% 60
\BOOKMARK [2][-]{subsection.7.5.5}{Odesl\341n\355 SMS \(sendSMS\)}{section.7.5}% 61
\BOOKMARK [1][-]{section.7.6}{Funkce v re\236imu GPS}{chapter.7}% 62
\BOOKMARK [2][-]{subsection.7.6.1}{Obslu\236 preru\235en\355 \(serialEvent\)}{section.7.6}% 63
\BOOKMARK [2][-]{subsection.7.6.2}{Vycti \372daje o poloze z dat \(parseCoordinates\)}{section.7.6}% 64
\BOOKMARK [2][-]{subsection.7.6.3}{Oprava souradnice \(gpsCorrection\)}{section.7.6}% 65
\BOOKMARK [2][-]{subsection.7.6.4}{Poc\355tej validn\355 GPS \(countValidGpsCoordinates\)}{section.7.6}% 66
\BOOKMARK [1][-]{section.7.7}{Uk\341zka komunikace}{chapter.7}% 67
\BOOKMARK [0][-]{chapter.8}{Spotreba a v\375dr\236 na autobaterii}{}% 68
\BOOKMARK [0][-]{chapter.9}{Bodov\351 hodnocen\355 vlastn\355ho re\235en\355}{}% 69
\BOOKMARK [0][-]{chapter.10}{Z\341ver}{}% 70
\BOOKMARK [0][-]{chapter.10}{Literatura}{}% 71
\BOOKMARK [0][-]{appendix.A}{Obsah prilo\236en\351ho CD}{}% 72
