\BOOKMARK [1][-]{chapter*.1}{Seznam zkratek}{}% 1
\BOOKMARK [0][-]{chapter.1}{\332vod}{}% 2
\BOOKMARK [0][-]{chapter.2}{Zabezpecovac\355 syst\351m}{}% 3
\BOOKMARK [1][-]{section.2.1}{\332stredna}{chapter.2}% 4
\BOOKMARK [1][-]{section.2.2}{Ovladac}{chapter.2}% 5
\BOOKMARK [1][-]{section.2.3}{Detektor}{chapter.2}% 6
\BOOKMARK [1][-]{section.2.4}{Komunik\341tor}{chapter.2}% 7
\BOOKMARK [0][-]{chapter.3}{Po\236adovan\351 vlastnosti a zvolen\351 komponenty}{}% 8
\BOOKMARK [1][-]{section.3.1}{Hardware}{chapter.3}% 9
\BOOKMARK [2][-]{subsection.3.1.1}{\332stredna}{section.3.1}% 10
\BOOKMARK [2][-]{subsection.3.1.2}{Detektory}{section.3.1}% 11
\BOOKMARK [2][-]{subsection.3.1.3}{Komunik\341tor}{section.3.1}% 12
\BOOKMARK [1][-]{section.3.2}{Software \(Ovladac\)}{chapter.3}% 13
\BOOKMARK [2][-]{subsection.3.2.1}{Desktopov\341 aplikace}{section.3.2}% 14
\BOOKMARK [2][-]{subsection.3.2.2}{Mobiln\355 aplikace}{section.3.2}% 15
\BOOKMARK [0][-]{chapter.4}{Hardware a firmware}{}% 16
\BOOKMARK [1][-]{section.4.1}{Vyu\236it\355 mobiln\355ho telefonu}{chapter.4}% 17
\BOOKMARK [2][-]{subsection.4.1.1}{Mo\236n\351 postupy}{section.4.1}% 18
\BOOKMARK [2][-]{subsection.4.1.2}{V\375ber telefonu}{section.4.1}% 19
\BOOKMARK [2][-]{subsection.4.1.3}{Prvn\355 rozbor}{section.4.1}% 20
\BOOKMARK [2][-]{subsection.4.1.4}{Kontaktov\341n\355 v\375robce}{section.4.1}% 21
\BOOKMARK [2][-]{subsection.4.1.5}{Hlub\235\355 rozbor}{section.4.1}% 22
\BOOKMARK [2][-]{subsection.4.1.6}{Z\341ver rozboru}{section.4.1}% 23
\BOOKMARK [1][-]{section.4.2}{Zapojen\355}{chapter.4}% 24
\BOOKMARK [2][-]{subsection.4.2.1}{Blokov\351 sch\351ma}{section.4.2}% 25
\BOOKMARK [2][-]{subsection.4.2.2}{V\375sledn\375 prototyp}{section.4.2}% 26
\BOOKMARK [1][-]{section.4.3}{Firmware}{chapter.4}% 27
\BOOKMARK [2][-]{subsection.4.3.1}{Nastaven\355}{section.4.3}% 28
\BOOKMARK [2][-]{subsection.4.3.2}{API}{section.4.3}% 29
\BOOKMARK [2][-]{subsection.4.3.3}{Notifikace}{section.4.3}% 30
\BOOKMARK [2][-]{subsection.4.3.4}{Chybov\341 hl\341\235en\355}{section.4.3}% 31
\BOOKMARK [0][-]{chapter.5}{Desktopov\341 aplikace}{}% 32
\BOOKMARK [1][-]{section.5.1}{Blokov\351 sch\351ma}{chapter.5}% 33
\BOOKMARK [1][-]{section.5.2}{Spojen\355}{chapter.5}% 34
\BOOKMARK [1][-]{section.5.3}{Prehled}{chapter.5}% 35
\BOOKMARK [1][-]{section.5.4}{Nastaven\355 senzoru}{chapter.5}% 36
\BOOKMARK [1][-]{section.5.5}{Nastaven\355 sp\355nace}{chapter.5}% 37
\BOOKMARK [1][-]{section.5.6}{Funkce programu a nastaven\355}{chapter.5}% 38
\BOOKMARK [1][-]{section.5.7}{Notifikace}{chapter.5}% 39
\BOOKMARK [0][-]{chapter.6}{Mobiln\355 aplikace}{}% 40
\BOOKMARK [1][-]{section.6.1}{Prehled}{chapter.6}% 41
\BOOKMARK [1][-]{section.6.2}{Intern\355 nastaven\355}{chapter.6}% 42
\BOOKMARK [0][-]{chapter.7}{Z\341ver}{}% 43
\BOOKMARK [0][-]{chapter.7}{Literatura}{}% 44
\BOOKMARK [0][-]{appendix.A}{Obsah prilo\236en\351ho CD}{}% 45
